<?xml version="1.0" encoding="UTF-8"?>
<!-- Generated by org.testng.reporters.JUnitReportReporter -->
<testsuite hostname="Tilak" failures="0" tests="3" name="op.genericLib.BaseClass" time="28.814" errors="0" timestamp="2023-01-11T23:00:37 IST" skipped="0">
  <testcase classname="op.genericLib.BaseClass" name="launchBrowser" time="22.948"/>
  <system-out/>
  <testcase classname="op.genericLib.BaseClass" name="launchWebSite" time="5.070"/>
  <system-out/>
  <testcase classname="op.genericLib.BaseClass" name="closeBrowser" time="0.796"/>
  <system-out/>
</testsuite> <!-- op.genericLib.BaseClass -->
