<?xml version="1.0" encoding="UTF-8"?>
<!-- Generated by org.testng.reporters.JUnitReportReporter -->
<testsuite hostname="Tilak" failures="0" tests="1" name="op.testScript.LoginTest" time="13.196" errors="0" timestamp="2023-01-12T17:29:22 IST" skipped="0">
  <testcase classname="op.testScript.LoginTest" name="loginFunction" time="13.196"/>
  <system-out>
login Successful  </system-out>
</testsuite> <!-- op.testScript.LoginTest -->
