<?xml version="1.0" encoding="UTF-8"?>
<!-- Generated by org.testng.reporters.JUnitReportReporter -->
<testsuite hostname="Tilak" failures="0" tests="1" name="op.testScript.UnitFeatureTest" time="2.741" errors="0" timestamp="2023-01-12T16:10:24 IST" skipped="0">
  <testcase classname="op.testScript.UnitFeatureTest" name="checkPolicy" time="2.741"/>
  <system-out>
Privacy policy link is working  </system-out>
</testsuite> <!-- op.testScript.UnitFeatureTest -->
