<?xml version="1.0" encoding="UTF-8"?>
<!-- Generated by org.testng.reporters.JUnitReportReporter -->
<testsuite hostname="Tilak" failures="0" tests="1" name="op.testScript.RegisterTest" time="8.630" errors="0" timestamp="2023-01-12T16:10:24 IST" skipped="0">
  <testcase classname="op.testScript.RegisterTest" name="registration" time="8.630"/>
  <system-out>
Registration Functionality is Working as Expected  </system-out>
</testsuite> <!-- op.testScript.RegisterTest -->
