<?xml version="1.0" encoding="UTF-8"?>
<!-- Generated by org.testng.reporters.JUnitReportReporter -->
<testsuite hostname="LAPTOP-2122UIPD" failures="0" tests="1" name="selenium.testscript.DropdownHandling" time="15.303" errors="0" timestamp="2023-07-26T17:34:52 IST" skipped="0">
  <testcase classname="selenium.testscript.DropdownHandling" name="dropdownHandle" time="15.303"/>
</testsuite> <!-- selenium.testscript.DropdownHandling -->
