<?xml version="1.0" encoding="UTF-8"?>
<!-- Generated by org.testng.reporters.JUnitReportReporter -->
<testsuite hostname="LAPTOP-2122UIPD" failures="0" tests="2" name="amazon.testScripts.TC07ElectronicsLaptopsTest" time="22.523" errors="0" timestamp="2023-07-31T17:29:19 IST" skipped="0">
  <testcase classname="amazon.testScripts.TC07ElectronicsLaptopsTest" name="setUp" time="4.504"/>
  <testcase classname="amazon.testScripts.TC07ElectronicsLaptopsTest" name="electronicsProducts" time="18.019"/>
  <system-out>
    <![CDATA[Opened Session Successful
Login Successful
Logout Successful
Login Successful
Logout Successful
Closed Session Successful]]>
  </system-out>
</testsuite> <!-- amazon.testScripts.TC07ElectronicsLaptopsTest -->
