<?xml version="1.0" encoding="UTF-8"?>
<!-- Generated by org.testng.reporters.JUnitReportReporter -->
<testsuite hostname="LAPTOP-2122UIPD" failures="0" tests="1" name="amazon.testScripts.LocatorsTest" time="11.052" errors="0" timestamp="2023-07-25T11:27:16 IST" skipped="0">
  <testcase classname="amazon.testScripts.LocatorsTest" name="test" time="11.052"/>
  <system-out>
    <![CDATA[Opened Session Successful
Login Successful
Logout Successful
Closed Session Successful]]>
  </system-out>
</testsuite> <!-- amazon.testScripts.LocatorsTest -->
