<?xml version="1.0" encoding="UTF-8"?>
<!-- Generated by org.testng.reporters.JUnitReportReporter -->
<testsuite hostname="LAPTOP-2122UIPD" failures="0" tests="4" name="amazon.testScripts.TC02SearchBarTest" time="21.612" errors="0" timestamp="2023-07-26T14:47:51 IST" skipped="0">
  <testcase classname="amazon.testScripts.TC02SearchBarTest" name="setUp" time="1.747"/>
  <testcase classname="amazon.testScripts.TC02SearchBarTest" name="LocateSearchBar" time="4.531">
    <system-out>
      <![CDATA[Search Bar is Situated on UI]]>
    </system-out>
  </testcase> <!-- LocateSearchBar -->
  <testcase classname="amazon.testScripts.TC02SearchBarTest" name="SearchAutoSuggestion" time="7.696">
    <system-out>
      <![CDATA[Search Bar Suggestions are Visible on UI]]>
    </system-out>
  </testcase> <!-- SearchAutoSuggestion -->
  <testcase classname="amazon.testScripts.TC02SearchBarTest" name="SearchProduct" time="7.638"/>
  <system-out>
    <![CDATA[Opened Session Successful
Login Successful
Logout Successful
Login Successful
Product Page Title:Amazon.in : iphone
Logout Successful
Closed Session Successful
Opened Session Successful
Login Successful
Home Page is Visible and Loading As Mentioned
Logout Successful
Closed Session Successful
Opened Session Successful
Login Successful
Logout Successful
Login Successful
Search Bar is Situated on UI
Logout Successful
Login Successful
Search Bar Suggestions are Visible on UI
Logout Successful
Login Successful
Logout Successful
Closed Session Successful
Opened Session Successful
Login Successful
Logout Successful
Login Successful
Height :28 width: 103 X axis:320 Y axis: 65
Logout Successful
Login Successful
Logout Successful
Closed Session Successful
Opened Session Successful
Login Successful
Logout Successful
Login Successful
Element Height:28
Width:128
X-axis 594
Y-axis 65
Customer Service Element is Correctly Placed in HomePage 
Logout Successful
Login Successful
Your Orders
Returns and Refunds
Manage Addresses
Manage Prime
Payment Settings
Account Settings
Amazon and COVID-19
Digital Services and Device Support
Logout Successful
Closed Session Successful
Opened Session Successful
Login Successful
Choose Language link is Correctly Located in UI
Logout Successful
Login Successful
Logout Successful
Closed Session Successful]]>
  </system-out>
</testsuite> <!-- amazon.testScripts.TC02SearchBarTest -->
