<?xml version="1.0" encoding="UTF-8"?>
<!-- Generated by org.testng.reporters.JUnitReportReporter -->
<testsuite hostname="Tilak" failures="0" tests="5" name="herokuapp.testScripts.TC01AddRemoveElements" time="26.045" errors="0" timestamp="2023-03-02T11:09:00 IST" skipped="0">
  <testcase classname="herokuapp.testScripts.TC01AddRemoveElements" name="launchBrowser" time="20.055"/>
  <system-out/>
  <testcase classname="herokuapp.testScripts.TC01AddRemoveElements" name="launchWebSite" time="4.738"/>
  <system-out/>
  <testcase classname="herokuapp.testScripts.TC01AddRemoveElements" name="clickonAddRemoveBtn" time="0.948"/>
  <system-out>
Add Remove Webpage Loaded Successfully!  </system-out>
  <testcase classname="herokuapp.testScripts.TC01AddRemoveElements" name="addElements" time="0.224"/>
  <system-out>
Adding Elements in WebPage Working Successfully!  </system-out>
  <testcase classname="herokuapp.testScripts.TC01AddRemoveElements" name="deleteElement" time="0.080"/>
  <system-out>
Removing Elements in WebPage Working Successfully!  </system-out>
</testsuite> <!-- herokuapp.testScripts.TC01AddRemoveElements -->
