<?xml version="1.0" encoding="UTF-8"?>
<!-- Generated by org.testng.reporters.JUnitReportReporter -->
<testsuite hostname="Tilak" failures="0" tests="4" name="herokuapp.testScripts.TC07SingleSelectDropDownTest" time="36.690" errors="0" timestamp="2023-03-03T13:32:01 IST" skipped="0">
  <testcase classname="herokuapp.testScripts.TC07SingleSelectDropDownTest" name="launchBrowser" time="27.455"/>
  <system-out/>
  <testcase classname="herokuapp.testScripts.TC07SingleSelectDropDownTest" name="launchWebSite" time="3.741"/>
  <system-out/>
  <testcase classname="herokuapp.testScripts.TC07SingleSelectDropDownTest" name="clickOnDropdown" time="0.606"/>
  <system-out>
Dropdown Page is Loaded Successfully!  </system-out>
  <testcase classname="herokuapp.testScripts.TC07SingleSelectDropDownTest" name="singleSelectDropdown" time="4.888"/>
  <system-out/>
</testsuite> <!-- herokuapp.testScripts.TC07SingleSelectDropDownTest -->
