<?xml version="1.0" encoding="UTF-8"?>
<!-- Generated by org.testng.reporters.JUnitReportReporter -->
<testsuite hostname="Tilak" failures="0" tests="3" name="herokuapp.testScripts.TC05IFrameTest" time="19.014" errors="0" timestamp="2023-03-03T12:21:10 IST" skipped="0">
  <testcase classname="herokuapp.testScripts.TC05IFrameTest" name="launchBrowser" time="10.679"/>
  <system-out/>
  <testcase classname="herokuapp.testScripts.TC05IFrameTest" name="launchWebSite" time="4.870"/>
  <system-out/>
  <testcase classname="herokuapp.testScripts.TC05IFrameTest" name="clickOnIFrame" time="3.465"/>
  <system-out>
IFrame WebPage Loaded Successfully. IFrame Successfully Loaded.  </system-out>
</testsuite> <!-- herokuapp.testScripts.TC05IFrameTest -->
