<?xml version="1.0" encoding="UTF-8"?>
<!-- Generated by org.testng.reporters.JUnitReportReporter -->
<testsuite hostname="Tilak" failures="0" tests="1" name="herokuapp.testScripts.TC00FetchDataTest" time="0.024" errors="0" timestamp="2023-03-14T12:28:01 IST" skipped="0">
  <testcase classname="herokuapp.testScripts.TC00FetchDataTest" name="launch" time="0.024"/>
  <system-out/>
</testsuite> <!-- herokuapp.testScripts.TC00FetchDataTest -->
