<?xml version="1.0" encoding="UTF-8"?>
<!-- Generated by org.testng.reporters.JUnitReportReporter -->
<testsuite hostname="Tilak" failures="0" tests="1" name="RegisterTest" time="19.000" errors="0" timestamp="2023-01-12T10:33:22 IST" skipped="0">
  <testcase classname="RegisterTest" name="goToRegistration" time="19.000"/>
  <system-out/>
</testsuite> <!-- RegisterTest -->
