<?xml version="1.0" encoding="UTF-8"?>
<!-- Generated by org.testng.reporters.JUnitReportReporter -->
<testsuite hostname="Tilak" failures="0" tests="6" name="herokuapp.testScripts.TC06NestedFrameTest" time="17.484" errors="0" timestamp="2023-03-03T12:44:31 IST" skipped="0">
  <testcase classname="herokuapp.testScripts.TC06NestedFrameTest" name="launchBrowser" time="11.796"/>
  <system-out/>
  <testcase classname="herokuapp.testScripts.TC06NestedFrameTest" name="launchWebSite" time="5.225"/>
  <system-out/>
  <testcase classname="herokuapp.testScripts.TC06NestedFrameTest" name="bottomIFrame" time="0.139"/>
  <system-out/>
  <testcase classname="herokuapp.testScripts.TC06NestedFrameTest" name="topRightIFrame" time="0.140"/>
  <system-out/>
  <testcase classname="herokuapp.testScripts.TC06NestedFrameTest" name="topMiddleIFrame" time="0.094"/>
  <system-out/>
  <testcase classname="herokuapp.testScripts.TC06NestedFrameTest" name="topLeftIFrame" time="0.090"/>
  <system-out/>
</testsuite> <!-- herokuapp.testScripts.TC06NestedFrameTest -->
