<?xml version="1.0" encoding="UTF-8"?>
<!-- Generated by org.testng.reporters.JUnitReportReporter -->
<testsuite hostname="Tilak" failures="0" tests="3" name="nocommerce.testscripts.TC4_NC_RegisterTest" time="23.291" errors="0" timestamp="2023-02-10T13:10:41 IST" skipped="0">
  <testcase classname="nocommerce.testscripts.TC4_NC_RegisterTest" name="launchApplication" time="19.673"/>
  <system-out/>
  <testcase classname="nocommerce.testscripts.TC4_NC_RegisterTest" name="registerNew" time="0.787"/>
  <system-out>
Register Page is Loaded  </system-out>
  <testcase classname="nocommerce.testscripts.TC4_NC_RegisterTest" name="addDetailsRegister" time="2.831"/>
  <system-out>
Registration of New Customer is Successful  </system-out>
</testsuite> <!-- nocommerce.testscripts.TC4_NC_RegisterTest -->
