<?xml version="1.0" encoding="UTF-8"?>
<!-- Generated by org.testng.reporters.JUnitReportReporter -->
<testsuite hostname="Tilak" failures="0" tests="2" name="nocommerce.testscripts.TC1_NC_WebLaunchTest" time="18.409" errors="0" timestamp="2023-02-10T11:21:05 IST" skipped="0">
  <testcase classname="nocommerce.testscripts.TC1_NC_WebLaunchTest" name="testLaunch" time="18.236"/>
  <system-out>
WebPage is Launching Successfully  </system-out>
  <testcase classname="nocommerce.testscripts.TC1_NC_WebLaunchTest" name="checkLogo" time="0.173"/>
  <system-out>
Logo is Visible in WebSite  </system-out>
</testsuite> <!-- nocommerce.testscripts.TC1_NC_WebLaunchTest -->
