<?xml version="1.0" encoding="UTF-8"?>
<!-- Generated by org.testng.reporters.JUnitReportReporter -->
<testsuite hostname="Tilak" failures="0" tests="2" name="nocommerce.testscripts.TC11_SearchTest" time="25.712" errors="0" timestamp="2023-02-13T17:20:48 IST" skipped="0">
  <testcase classname="nocommerce.testscripts.TC11_SearchTest" name="launchApplication" time="21.233"/>
  <system-out/>
  <testcase classname="nocommerce.testscripts.TC11_SearchTest" name="testAdvancedSearch" time="4.479"/>
  <system-out/>
</testsuite> <!-- nocommerce.testscripts.TC11_SearchTest -->
