<?xml version="1.0" encoding="UTF-8"?>
<!-- Generated by org.testng.reporters.JUnitReportReporter -->
<testsuite hostname="Tilak" failures="0" tests="1" name="nocommerce.testscripts.TC9_NC_TagsTest" time="10.296" errors="0" timestamp="2023-02-13T12:27:56 IST" skipped="0">
  <testcase classname="nocommerce.testscripts.TC9_NC_TagsTest" name="getAllProductTags" time="10.296"/>
  <system-out/>
</testsuite> <!-- nocommerce.testscripts.TC9_NC_TagsTest -->
