<?xml version="1.0" encoding="UTF-8"?>
<!-- Generated by org.testng.reporters.JUnitReportReporter -->
<testsuite hostname="Tilak" failures="0" tests="7" name="nocommerce.testscripts.Test1" time="20.778" errors="0" timestamp="2023-02-17T14:43:01 IST" skipped="0">
  <testcase classname="nocommerce.testscripts.Test1" name="launchApplication" time="11.418"/>
  <system-out/>
  <testcase classname="nocommerce.testscripts.Test1" name="launchNoCommerce" time="4.306"/>
  <system-out/>
  <testcase classname="nocommerce.testscripts.Test1" name="clickLogo" time="1.440"/>
  <system-out/>
  <testcase classname="nocommerce.testscripts.Test1" name="registerButton" time="0.613"/>
  <system-out/>
  <testcase classname="nocommerce.testscripts.Test1" name="wishListButton" time="0.540"/>
  <system-out/>
  <testcase classname="nocommerce.testscripts.Test1" name="loginButton" time="0.506"/>
  <system-out/>
  <testcase classname="nocommerce.testscripts.Test1" name="closeBrowser" time="1.955"/>
  <system-out/>
</testsuite> <!-- nocommerce.testscripts.Test1 -->
