<?xml version="1.0" encoding="UTF-8"?>
<!-- Generated by org.testng.reporters.JUnitReportReporter -->
<testsuite hostname="Tilak" failures="0" tests="3" name="nocommerce.testscripts.TC3_NC_ContactUsTest" time="15.431" errors="0" timestamp="2023-02-10T12:18:55 IST" skipped="0">
  <testcase classname="nocommerce.testscripts.TC3_NC_ContactUsTest" name="launchApplication" time="12.610"/>
  <system-out/>
  <testcase classname="nocommerce.testscripts.TC3_NC_ContactUsTest" name="contactUs" time="1.620"/>
  <system-out>
Contact Us Page is Visible  </system-out>
  <testcase classname="nocommerce.testscripts.TC3_NC_ContactUsTest" name="putContactInfo" time="1.201"/>
  <system-out>
Enquiry has been Successfully sent!  </system-out>
</testsuite> <!-- nocommerce.testscripts.TC3_NC_ContactUsTest -->
