<?xml version="1.0" encoding="UTF-8"?>
<!-- Generated by org.testng.reporters.JUnitReportReporter -->
<testsuite hostname="Tilak" failures="0" tests="4" name="nocommerce.testscripts.TC13_LogoTest" time="18.008" errors="0" timestamp="2023-02-17T12:41:59 IST" skipped="0">
  <testcase classname="nocommerce.testscripts.TC13_LogoTest" name="testVisibleLogo" time="13.086"/>
  <system-out>
Nop Commerce Webpage is Launched Logo is Visible in WebPage  </system-out>
  <testcase classname="nocommerce.testscripts.TC13_LogoTest" name="testPlaceDigitalDownload" time="3.461"/>
  <system-out>
The Height and Width of WebELement are Correct The X and Y Coordinates of WebELement are Correct  </system-out>
  <testcase classname="nocommerce.testscripts.TC13_LogoTest" name="testLogoClickable" time="0.810"/>
  <system-out>
Header Icon is Clickable  </system-out>
  <testcase classname="nocommerce.testscripts.TC13_LogoTest" name="closeBrowser" time="0.651"/>
  <system-out>
Browser is Closed  </system-out>
</testsuite> <!-- nocommerce.testscripts.TC13_LogoTest -->
