<?xml version="1.0" encoding="UTF-8"?>
<!-- Generated by org.testng.reporters.JUnitReportReporter -->
<testsuite hostname="Tilak" failures="0" tests="3" name="nocommerce.testscripts.TC8_NC_Electronics" time="19.540" errors="0" timestamp="2023-02-13T11:34:25 IST" skipped="0">
  <testcase classname="nocommerce.testscripts.TC8_NC_Electronics" name="testCameraPhoto" time="7.857"/>
  <system-out>
Camera & photo Page is Working fine  </system-out>
  <testcase classname="nocommerce.testscripts.TC8_NC_Electronics" name="testCellphones" time="5.996"/>
  <system-out>
Cell phones Page is Working fine  </system-out>
  <testcase classname="nocommerce.testscripts.TC8_NC_Electronics" name="testOthers" time="5.687"/>
  <system-out>
Others Page is Working fine  </system-out>
</testsuite> <!-- nocommerce.testscripts.TC8_NC_Electronics -->
