<?xml version="1.0" encoding="UTF-8"?>
<!-- Generated by org.testng.reporters.JUnitReportReporter -->
<testsuite hostname="Tilak" failures="0" tests="2" name="nocommerce.testscripts.TC2_NC_AboutUsTest" time="17.758" errors="0" timestamp="2023-02-10T11:35:13 IST" skipped="0">
  <testcase classname="nocommerce.testscripts.TC2_NC_AboutUsTest" name="launchApplication" time="15.636"/>
  <system-out/>
  <testcase classname="nocommerce.testscripts.TC2_NC_AboutUsTest" name="clickOnAboutUs" time="2.122"/>
  <system-out>
About Page is Visible  </system-out>
</testsuite> <!-- nocommerce.testscripts.TC2_NC_AboutUsTest -->
