<?xml version="1.0" encoding="UTF-8"?>
<!-- Generated by org.testng.reporters.JUnitReportReporter -->
<testsuite hostname="Tilak" failures="0" tests="3" name="nocommerce.testscripts.TC5_NC_NewsTest" time="11.483" errors="0" timestamp="2023-02-10T16:15:14 IST" skipped="0">
  <testcase classname="nocommerce.testscripts.TC5_NC_NewsTest" name="launchApplication" time="10.391"/>
  <system-out/>
  <testcase classname="nocommerce.testscripts.TC5_NC_NewsTest" name="registerNew" time="0.311"/>
  <system-out/>
  <testcase classname="nocommerce.testscripts.TC5_NC_NewsTest" name="getNews" time="0.781"/>
  <system-out/>
</testsuite> <!-- nocommerce.testscripts.TC5_NC_NewsTest -->
