<?xml version="1.0" encoding="UTF-8"?>
<!-- Generated by org.testng.reporters.JUnitReportReporter -->
<testsuite hostname="Tilak" failures="0" tests="3" name="nocommerce.testscripts.TC6_NC_CommPollTest" time="24.197" errors="0" timestamp="2023-02-10T18:04:41 IST" skipped="0">
  <testcase classname="nocommerce.testscripts.TC6_NC_CommPollTest" name="launchApplication" time="23.144"/>
  <system-out/>
  <testcase classname="nocommerce.testscripts.TC6_NC_CommPollTest" name="testCommunityPoll" time="0.686"/>
  <system-out/>
  <testcase classname="nocommerce.testscripts.TC6_NC_CommPollTest" name="testSocialMedia" time="0.367"/>
  <system-out/>
</testsuite> <!-- nocommerce.testscripts.TC6_NC_CommPollTest -->
